This is pdfTeX, Version 3.141592653-2.6-1.40.24 (MiKTeX 22.1) (preloaded format=pdflatex 2024.9.18)  26 SEP 2024 11:12
entering extended mode
 restricted \write18 enabled.
 file:line:error style messages enabled.
 %&-line parsing enabled.
**./S1_notes.tex
(S1_notes.tex
LaTeX2e <2024-06-01> patch level 2
L3 programming layer <2024-08-16>

(/Users/julesdupont/Library/Application Support/MiKTeX/texmfs/install/tex/latex
/base/article.cls
Document Class: article 2024/02/08 v1.4n Standard LaTeX document class

(/Users/julesdupont/Library/Application Support/MiKTeX/texmfs/install/tex/latex
/base/size11.clo
File: size11.clo 2024/02/08 v1.4n Standard LaTeX file (size option)
)
\c@part=\count194
\c@section=\count195
\c@subsection=\count196
\c@subsubsection=\count197
\c@paragraph=\count198
\c@subparagraph=\count199
\c@figure=\count266
\c@table=\count267
\abovecaptionskip=\skip49
\belowcaptionskip=\skip50
\bibindent=\dimen141
)
(/Users/julesdupont/Library/Application Support/MiKTeX/texmfs/install/tex/latex
/amsmath/amsmath.sty
Package: amsmath 2024/05/23 v2.17q AMS math features
\@mathmargin=\skip51

For additional information on amsmath, use the `?' option.

(/Users/julesdupont/Library/Application Support/MiKTeX/texmfs/install/tex/latex
/amsmath/amstext.sty
Package: amstext 2021/08/26 v2.01 AMS text

(/Users/julesdupont/Library/Application Support/MiKTeX/texmfs/install/tex/latex
/amsmath/amsgen.sty
File: amsgen.sty 1999/11/30 v2.0 generic functions
\@emptytoks=\toks17
\ex@=\dimen142
))
(/Users/julesdupont/Library/Application Support/MiKTeX/texmfs/install/tex/latex
/amsmath/amsbsy.sty
Package: amsbsy 1999/11/29 v1.2d Bold Symbols
\pmbraise@=\dimen143
)
(/Users/julesdupont/Library/Application Support/MiKTeX/texmfs/install/tex/latex
/amsmath/amsopn.sty
Package: amsopn 2022/04/08 v2.04 operator names
)
\inf@bad=\count268
LaTeX Info: Redefining \frac on input line 233.
\uproot@=\count269
\leftroot@=\count270
LaTeX Info: Redefining \overline on input line 398.
LaTeX Info: Redefining \colon on input line 409.
\classnum@=\count271
\DOTSCASE@=\count272
LaTeX Info: Redefining \ldots on input line 495.
LaTeX Info: Redefining \dots on input line 498.
LaTeX Info: Redefining \cdots on input line 619.
\Mathstrutbox@=\box52
\strutbox@=\box53
LaTeX Info: Redefining \big on input line 721.
LaTeX Info: Redefining \Big on input line 722.
LaTeX Info: Redefining \bigg on input line 723.
LaTeX Info: Redefining \Bigg on input line 724.
\big@size=\dimen144
LaTeX Font Info:    Redeclaring font encoding OML on input line 742.
LaTeX Font Info:    Redeclaring font encoding OMS on input line 743.
\macc@depth=\count273
LaTeX Info: Redefining \bmod on input line 904.
LaTeX Info: Redefining \pmod on input line 909.
LaTeX Info: Redefining \smash on input line 939.
LaTeX Info: Redefining \relbar on input line 969.
LaTeX Info: Redefining \Relbar on input line 970.
\c@MaxMatrixCols=\count274
\dotsspace@=\muskip17
\c@parentequation=\count275
\dspbrk@lvl=\count276
\tag@help=\toks18
\row@=\count277
\column@=\count278
\maxfields@=\count279
\andhelp@=\toks19
\eqnshift@=\dimen145
\alignsep@=\dimen146
\tagshift@=\dimen147
\tagwidth@=\dimen148
\totwidth@=\dimen149
\lineht@=\dimen150
\@envbody=\toks20
\multlinegap=\skip52
\multlinetaggap=\skip53
\mathdisplay@stack=\toks21
LaTeX Info: Redefining \[ on input line 2953.
LaTeX Info: Redefining \] on input line 2954.
)
(/Users/julesdupont/Library/Application Support/MiKTeX/texmfs/install/tex/latex
/listings/listings.sty
(/Users/julesdupont/Library/Application Support/MiKTeX/texmfs/install/tex/latex
/graphics/keyval.sty
Package: keyval 2022/05/29 v1.15 key=value parser (DPC)
\KV@toks@=\toks22
)
\lst@mode=\count280
\lst@gtempboxa=\box54
\lst@token=\toks23
\lst@length=\count281
\lst@currlwidth=\dimen151
\lst@column=\count282
\lst@pos=\count283
\lst@lostspace=\dimen152
\lst@width=\dimen153
\lst@newlines=\count284
\lst@lineno=\count285
\lst@maxwidth=\dimen154

(/Users/julesdupont/Library/Application Support/MiKTeX/texmfs/install/tex/latex
/listings/lstpatch.sty
File: lstpatch.sty 2024/05/25 1.10b (Carsten Heinz)
)
(/Users/julesdupont/Library/Application Support/MiKTeX/texmfs/install/tex/latex
/listings/lstmisc.sty
File: lstmisc.sty 2024/05/25 1.10b (Carsten Heinz)
\c@lstnumber=\count286
\lst@skipnumbers=\count287
\lst@framebox=\box55
)
(/Users/julesdupont/Library/Application Support/MiKTeX/texmfs/install/tex/latex
/listings/listings.cfg
File: listings.cfg 2024/05/25 1.10b listings configuration
))
Package: listings 2024/05/25 1.10b (Carsten Heinz)

(/Users/julesdupont/Library/Application Support/MiKTeX/texmfs/install/tex/latex
/xcolor/xcolor.sty
Package: xcolor 2023/11/15 v3.01 LaTeX color extensions (UK)

(/Users/julesdupont/Library/Application Support/MiKTeX/texmfs/install/tex/latex
/graphics-cfg/color.cfg
File: color.cfg 2016/01/02 v1.6 sample color configuration
)
Package xcolor Info: Driver file: pdftex.def on input line 274.

(/Users/julesdupont/Library/Application Support/MiKTeX/texmfs/install/tex/latex
/graphics-def/pdftex.def
File: pdftex.def 2024/04/13 v1.2c Graphics/color driver for pdftex
)
(/Users/julesdupont/Library/Application Support/MiKTeX/texmfs/install/tex/latex
/graphics/mathcolor.ltx)
Package xcolor Info: Model `cmy' substituted by `cmy0' on input line 1350.
Package xcolor Info: Model `hsb' substituted by `rgb' on input line 1354.
Package xcolor Info: Model `RGB' extended on input line 1366.
Package xcolor Info: Model `HTML' substituted by `rgb' on input line 1368.
Package xcolor Info: Model `Hsb' substituted by `hsb' on input line 1369.
Package xcolor Info: Model `tHsb' substituted by `hsb' on input line 1370.
Package xcolor Info: Model `HSB' substituted by `hsb' on input line 1371.
Package xcolor Info: Model `Gray' substituted by `gray' on input line 1372.
Package xcolor Info: Model `wave' substituted by `hsb' on input line 1373.
)
(/Users/julesdupont/Library/Application Support/MiKTeX/texmfs/install/tex/latex
/hyperref/hyperref.sty
Package: hyperref 2024-07-10 v7.01j Hypertext links for LaTeX

(/Users/julesdupont/Library/Application Support/MiKTeX/texmfs/install/tex/gener
ic/iftex/iftex.sty
Package: iftex 2022/02/03 v1.0f TeX engine tests
)
(/Users/julesdupont/Library/Application Support/MiKTeX/texmfs/install/tex/latex
/kvsetkeys/kvsetkeys.sty
Package: kvsetkeys 2022-10-05 v1.19 Key value parser (HO)
)
(/Users/julesdupont/Library/Application Support/MiKTeX/texmfs/install/tex/gener
ic/kvdefinekeys/kvdefinekeys.sty
Package: kvdefinekeys 2019-12-19 v1.6 Define keys (HO)
)
(/Users/julesdupont/Library/Application Support/MiKTeX/texmfs/install/tex/gener
ic/pdfescape/pdfescape.sty
Package: pdfescape 2019/12/09 v1.15 Implements pdfTeX's escape features (HO)

(/Users/julesdupont/Library/Application Support/MiKTeX/texmfs/install/tex/gener
ic/ltxcmds/ltxcmds.sty
Package: ltxcmds 2023-12-04 v1.26 LaTeX kernel commands for general use (HO)
)
(/Users/julesdupont/Library/Application Support/MiKTeX/texmfs/install/tex/gener
ic/pdftexcmds/pdftexcmds.sty
Package: pdftexcmds 2020-06-27 v0.33 Utility functions of pdfTeX for LuaTeX (HO
)

(/Users/julesdupont/Library/Application Support/MiKTeX/texmfs/install/tex/gener
ic/infwarerr/infwarerr.sty
Package: infwarerr 2019/12/03 v1.5 Providing info/warning/error messages (HO)
)
Package pdftexcmds Info: \pdf@primitive is available.
Package pdftexcmds Info: \pdf@ifprimitive is available.
Package pdftexcmds Info: \pdfdraftmode found.
))
(/Users/julesdupont/Library/Application Support/MiKTeX/texmfs/install/tex/latex
/hycolor/hycolor.sty
Package: hycolor 2020-01-27 v1.10 Color options for hyperref/bookmark (HO)
)
(/Users/julesdupont/Library/Application Support/MiKTeX/texmfs/install/tex/latex
/hyperref/nameref.sty
Package: nameref 2023-11-26 v2.56 Cross-referencing by name of section

(/Users/julesdupont/Library/Application Support/MiKTeX/texmfs/install/tex/latex
/refcount/refcount.sty
Package: refcount 2019/12/15 v3.6 Data extraction from label references (HO)
)
(/Users/julesdupont/Library/Application Support/MiKTeX/texmfs/install/tex/gener
ic/gettitlestring/gettitlestring.sty
Package: gettitlestring 2019/12/15 v1.6 Cleanup title references (HO)

(/Users/julesdupont/Library/Application Support/MiKTeX/texmfs/install/tex/latex
/kvoptions/kvoptions.sty
Package: kvoptions 2022-06-15 v3.15 Key value format for package options (HO)
))
\c@section@level=\count288
)
(/Users/julesdupont/Library/Application Support/MiKTeX/texmfs/install/tex/latex
/etoolbox/etoolbox.sty
Package: etoolbox 2020/10/05 v2.5k e-TeX tools for LaTeX (JAW)
\etb@tempcnta=\count289
)
(/Users/julesdupont/Library/Application Support/MiKTeX/texmfs/install/tex/gener
ic/stringenc/stringenc.sty
Package: stringenc 2019/11/29 v1.12 Convert strings between diff. encodings (HO
)
)
\@linkdim=\dimen155
\Hy@linkcounter=\count290
\Hy@pagecounter=\count291

(/Users/julesdupont/Library/Application Support/MiKTeX/texmfs/install/tex/latex
/hyperref/pd1enc.def
File: pd1enc.def 2024-07-10 v7.01j Hyperref: PDFDocEncoding definition (HO)
Now handling font encoding PD1 ...
... no UTF-8 mapping file for font encoding PD1
)
(/Users/julesdupont/Library/Application Support/MiKTeX/texmfs/install/tex/gener
ic/intcalc/intcalc.sty
Package: intcalc 2019/12/15 v1.3 Expandable calculations with integers (HO)
)
\Hy@SavedSpaceFactor=\count292

(/Users/julesdupont/Library/Application Support/MiKTeX/texmfs/install/tex/latex
/hyperref/puenc.def
File: puenc.def 2024-07-10 v7.01j Hyperref: PDF Unicode definition (HO)
Now handling font encoding PU ...
... no UTF-8 mapping file for font encoding PU
)
Package hyperref Info: Hyper figures OFF on input line 4157.
Package hyperref Info: Link nesting OFF on input line 4162.
Package hyperref Info: Hyper index ON on input line 4165.
Package hyperref Info: Plain pages OFF on input line 4172.
Package hyperref Info: Backreferencing OFF on input line 4177.
Package hyperref Info: Implicit mode ON; LaTeX internals redefined.
Package hyperref Info: Bookmarks ON on input line 4424.
\c@Hy@tempcnt=\count293

(/Users/julesdupont/Library/Application Support/MiKTeX/texmfs/install/tex/latex
/url/url.sty
\Urlmuskip=\muskip18
Package: url 2013/09/16  ver 3.4  Verb mode for urls, etc.
)
LaTeX Info: Redefining \url on input line 4763.
\XeTeXLinkMargin=\dimen156

(/Users/julesdupont/Library/Application Support/MiKTeX/texmfs/install/tex/gener
ic/bitset/bitset.sty
Package: bitset 2019/12/09 v1.3 Handle bit-vector datatype (HO)

(/Users/julesdupont/Library/Application Support/MiKTeX/texmfs/install/tex/gener
ic/bigintcalc/bigintcalc.sty
Package: bigintcalc 2019/12/15 v1.5 Expandable calculations on big integers (HO
)
))
\Fld@menulength=\count294
\Field@Width=\dimen157
\Fld@charsize=\dimen158
Package hyperref Info: Hyper figures OFF on input line 6042.
Package hyperref Info: Link nesting OFF on input line 6047.
Package hyperref Info: Hyper index ON on input line 6050.
Package hyperref Info: backreferencing OFF on input line 6057.
Package hyperref Info: Link coloring OFF on input line 6062.
Package hyperref Info: Link coloring with OCG OFF on input line 6067.
Package hyperref Info: PDF/A mode OFF on input line 6072.

(/Users/julesdupont/Library/Application Support/MiKTeX/texmfs/install/tex/latex
/base/atbegshi-ltx.sty
Package: atbegshi-ltx 2021/01/10 v1.0c Emulation of the original atbegshi
package with kernel methods
)
\Hy@abspage=\count295
\c@Item=\count296
\c@Hfootnote=\count297
)
Package hyperref Info: Driver (autodetected): hpdftex.

(/Users/julesdupont/Library/Application Support/MiKTeX/texmfs/install/tex/latex
/hyperref/hpdftex.def
File: hpdftex.def 2024-07-10 v7.01j Hyperref driver for pdfTeX

(/Users/julesdupont/Library/Application Support/MiKTeX/texmfs/install/tex/latex
/base/atveryend-ltx.sty
Package: atveryend-ltx 2020/08/19 v1.0a Emulation of the original atveryend pac
kage
with kernel methods
)
\Fld@listcount=\count298
\c@bookmark@seq@number=\count299

(/Users/julesdupont/Library/Application Support/MiKTeX/texmfs/install/tex/latex
/rerunfilecheck/rerunfilecheck.sty
Package: rerunfilecheck 2022-07-10 v1.10 Rerun checks for auxiliary files (HO)

(/Users/julesdupont/Library/Application Support/MiKTeX/texmfs/install/tex/gener
ic/uniquecounter/uniquecounter.sty
Package: uniquecounter 2019/12/15 v1.4 Provide unlimited unique counter (HO)
)
Package uniquecounter Info: New unique counter `rerunfilecheck' on input line 2
85.
)
\Hy@SectionHShift=\skip54
)
(/Users/julesdupont/Library/Application Support/MiKTeX/texmfs/install/tex/latex
/l3backend/l3backend-pdftex.def
File: l3backend-pdftex.def 2024-05-08 L3 backend support: PDF output (pdfTeX)
\l__color_backend_stack_int=\count300
\l__pdf_internal_box=\box56
)
(/Users/julesdupont/school/introToCpp/out/S1_notes.aux)
\openout1 = `S1_notes.aux'.

LaTeX Font Info:    Checking defaults for OML/cmm/m/it on input line 25.
LaTeX Font Info:    ... okay on input line 25.
LaTeX Font Info:    Checking defaults for OMS/cmsy/m/n on input line 25.
LaTeX Font Info:    ... okay on input line 25.
LaTeX Font Info:    Checking defaults for OT1/cmr/m/n on input line 25.
LaTeX Font Info:    ... okay on input line 25.
LaTeX Font Info:    Checking defaults for T1/cmr/m/n on input line 25.
LaTeX Font Info:    ... okay on input line 25.
LaTeX Font Info:    Checking defaults for TS1/cmr/m/n on input line 25.
LaTeX Font Info:    ... okay on input line 25.
LaTeX Font Info:    Checking defaults for OMX/cmex/m/n on input line 25.
LaTeX Font Info:    ... okay on input line 25.
LaTeX Font Info:    Checking defaults for U/cmr/m/n on input line 25.
LaTeX Font Info:    ... okay on input line 25.
LaTeX Font Info:    Checking defaults for PD1/pdf/m/n on input line 25.
LaTeX Font Info:    ... okay on input line 25.
LaTeX Font Info:    Checking defaults for PU/pdf/m/n on input line 25.
LaTeX Font Info:    ... okay on input line 25.
\c@lstlisting=\count301

(/Users/julesdupont/Library/Application Support/MiKTeX/texmfs/install/tex/conte
xt/base/mkii/supp-pdf.mkii
[Loading MPS to PDF converter (version 2006.09.02).]
\scratchcounter=\count302
\scratchdimen=\dimen159
\scratchbox=\box57
\nofMPsegments=\count303
\nofMParguments=\count304
\everyMPshowfont=\toks24
\MPscratchCnt=\count305
\MPscratchDim=\dimen160
\MPnumerator=\count306
\makeMPintoPDFobject=\count307
\everyMPtoPDFconversion=\toks25
)
Package hyperref Info: Link coloring OFF on input line 25.
 (/Users/julesdupont/school/introToCpp/out/S1_notes.out)
(/Users/julesdupont/school/introToCpp/out/S1_notes.out)
\@outlinefile=\write3
\openout3 = `S1_notes.out'.


(/Users/julesdupont/Library/Application Support/MiKTeX/texmfs/install/tex/latex
/listings/lstlang1.sty
File: lstlang1.sty 2024/05/25 1.10b listings language file
)
(/Users/julesdupont/Library/Application Support/MiKTeX/texmfs/install/tex/latex
/listings/lstmisc.sty
File: lstmisc.sty 2024/05/25 1.10b (Carsten Heinz)
)
LaTeX Font Info:    Font shape `OT1/cmtt/bx/n' in size <9> not available
(Font)              Font shape `OT1/cmtt/m/n' tried instead on input line 56.


[1

{/Users/julesdupont/Library/Application Support/MiKTeX/texmfs/data/fonts/map/pd
ftex/pdftex.map}]

[2] (/Users/julesdupont/school/introToCpp/out/S1_notes.aux)
 ***********
LaTeX2e <2024-06-01> patch level 2
L3 programming layer <2024-08-16>
 ***********
Package rerunfilecheck Info: File `S1_notes.out' has not changed.
(rerunfilecheck)             Checksum: 0DEDDD9AA1C62D13861DCEE872B2655F;1386.
 ) 
Here is how much of TeX's memory you used:
 11014 strings out of 473899
 169316 string characters out of 5715209
 1959957 words of memory out of 5000000
 33764 multiletter control sequences out of 15000+600000
 564780 words of font info for 60 fonts, out of 8000000 for 9000
 1141 hyphenation exceptions out of 8191
 75i,7n,79p,340b,2070s stack positions out of 10000i,1000n,20000p,200000b,200000s
 </Users/julesdupont/Library/Application Support/MiKTeX/texmfs/data/fonts/pk/
ljfour/jknappen/ec/dpi600/tcrm1095.pk></Users/julesdupont/Library/Application S
upport/MiKTeX/texmfs/install/fonts/type1/public/amsfonts/cm/cmbx12.pfb></Users/
julesdupont/Library/Application Support/MiKTeX/texmfs/install/fonts/type1/publi
c/amsfonts/cm/cmcsc10.pfb></Users/julesdupont/Library/Application Support/MiKTe
X/texmfs/install/fonts/type1/public/amsfonts/cm/cmitt10.pfb></Users/julesdupont
/Library/Application Support/MiKTeX/texmfs/install/fonts/type1/public/amsfonts/
cm/cmr10.pfb></Users/julesdupont/Library/Application Support/MiKTeX/texmfs/inst
all/fonts/type1/public/amsfonts/cm/cmr12.pfb></Users/julesdupont/Library/Applic
ation Support/MiKTeX/texmfs/install/fonts/type1/public/amsfonts/cm/cmr17.pfb></
Users/julesdupont/Library/Application Support/MiKTeX/texmfs/install/fonts/type1
/public/amsfonts/cm/cmr6.pfb></Users/julesdupont/Library/Application Support/Mi
KTeX/texmfs/install/fonts/type1/public/amsfonts/cm/cmti10.pfb></Users/julesdupo
nt/Library/Application Support/MiKTeX/texmfs/install/fonts/type1/public/amsfont
s/cm/cmtt9.pfb>
Output written on /Users/julesdupont/school/introToCpp/out/S1_notes.pdf (2 page
s, 116632 bytes).
PDF statistics:
 116 PDF objects out of 1000 (max. 8388607)
 22 named destinations out of 1000 (max. 500000)
 73 words of extra memory for PDF output out of 10000 (max. 10000000)

